# JRE version: OpenJDK Runtime Environment (11.0.8+10) (build 11.0.8+10-b944.6842174)
# Java VM: OpenJDK 64-Bit Server VM (11.0.8+10-b944.6842174, mixed mode, tiered, compressed oops, g1 gc, windows-amd64)
Heap:
 garbage-first heap   total 196608K, used 105260K [0x0000000080000000, 0x0000000100000000)
  region size 1024K, 17 young (17408K), 2 survivors (2048K)
 Metaspace       used 119218K, capacity 122165K, committed 122400K, reserved 1155072K
  class space    used 15124K, capacity 16088K, committed 16244K, reserved 1048576K
GC Heap History (20 events):
Event: 30.895 GC heap before
{Heap before GC invocations=17 (full 0):
 garbage-first heap   total 196608K, used 152370K [0x0000000080000000, 0x0000000100000000)
  region size 1024K, 98 young (100352K), 12 survivors (12288K)
 Metaspace       used 82035K, capacity 83943K, committed 84140K, reserved 1122304K
  class space    used 10571K, capacity 11257K, committed 11264K, reserved 1048576K
}
Event: 30.922 GC heap after
{Heap after GC invocations=18 (full 0):
 garbage-first heap   total 196608K, used 70379K [0x0000000080000000, 0x0000000100000000)
  region size 1024K, 12 young (12288K), 12 survivors (12288K)
 Metaspace       used 82035K, capacity 83943K, committed 84140K, reserved 1122304K
  class space    used 10571K, capacity 11257K, committed 11264K, reserved 1048576K
}
Event: 3799.258 GC heap before
{Heap before GC invocations=18 (full 0):
 garbage-first heap   total 196608K, used 153323K [0x0000000080000000, 0x0000000100000000)
  region size 1024K, 94 young (96256K), 12 survivors (12288K)
 Metaspace       used 85216K, capacity 87119K, committed 87212K, reserved 1124352K
  class space    used 10773K, capacity 11457K, committed 11520K, reserved 1048576K
}
Event: 3799.272 GC heap after
{Heap after GC invocations=19 (full 0):
 garbage-first heap   total 196608K, used 70563K [0x0000000080000000, 0x0000000100000000)
  region size 1024K, 6 young (6144K), 6 survivors (6144K)
 Metaspace       used 85216K, capacity 87119K, committed 87212K, reserved 1124352K
  class space    used 10773K, capacity 11457K, committed 11520K, reserved 1048576K
}
Event: 6589.381 GC heap before
{Heap before GC invocations=19 (full 0):
 garbage-first heap   total 196608K, used 157603K [0x0000000080000000, 0x0000000100000000)
  region size 1024K, 92 young (94208K), 6 survivors (6144K)
 Metaspace       used 85756K, capacity 87752K, committed 87980K, reserved 1126400K
  class space    used 10792K, capacity 11476K, committed 11520K, reserved 1048576K
}
Event: 6589.396 GC heap after
{Heap after GC invocations=20 (full 0):
 garbage-first heap   total 196608K, used 74333K [0x0000000080000000, 0x0000000100000000)
  region size 1024K, 10 young (10240K), 10 survivors (10240K)
 Metaspace       used 85756K, capacity 87752K, committed 87980K, reserved 1126400K
  class space    used 10792K, capacity 11476K, committed 11520K, reserved 1048576K
}
Event: 6626.160 GC heap before
{Heap before GC invocations=20 (full 0):
 garbage-first heap   total 196608K, used 159325K [0x0000000080000000, 0x0000000100000000)
  region size 1024K, 94 young (96256K), 10 survivors (10240K)
 Metaspace       used 87949K, capacity 90090K, committed 90412K, reserved 1128448K
  class space    used 11062K, capacity 11787K, committed 11904K, reserved 1048576K
}
Event: 6626.174 GC heap after
{Heap after GC invocations=21 (full 0):
 garbage-first heap   total 196608K, used 73733K [0x0000000080000000, 0x0000000100000000)
  region size 1024K, 4 young (4096K), 4 survivors (4096K)
 Metaspace       used 87949K, capacity 90090K, committed 90412K, reserved 1128448K
  class space    used 11062K, capacity 11787K, committed 11904K, reserved 1048576K
}
Event: 6700.927 GC heap before
{Heap before GC invocations=21 (full 0):
 garbage-first heap   total 196608K, used 159749K [0x0000000080000000, 0x0000000100000000)
  region size 1024K, 89 young (91136K), 4 survivors (4096K)
 Metaspace       used 90298K, capacity 92420K, committed 92716K, reserved 1130496K
  class space    used 11333K, capacity 12068K, committed 12160K, reserved 1048576K
}
Event: 6700.936 GC heap after
{Heap after GC invocations=22 (full 0):
 garbage-first heap   total 196608K, used 74528K [0x0000000080000000, 0x0000000100000000)
  region size 1024K, 5 young (5120K), 5 survivors (5120K)
 Metaspace       used 90298K, capacity 92420K, committed 92716K, reserved 1130496K
  class space    used 11333K, capacity 12068K, committed 12160K, reserved 1048576K
}
Event: 6708.141 GC heap before
{Heap before GC invocations=22 (full 0):
 garbage-first heap   total 196608K, used 161568K [0x0000000080000000, 0x0000000100000000)
  region size 1024K, 90 young (92160K), 5 survivors (5120K)
 Metaspace       used 100222K, capacity 102660K, committed 102700K, reserved 1138688K
  class space    used 12563K, capacity 13413K, committed 13440K, reserved 1048576K
}
Event: 6708.157 GC heap after
{Heap after GC invocations=23 (full 0):
 garbage-first heap   total 196608K, used 80680K [0x0000000080000000, 0x0000000100000000)
  region size 1024K, 10 young (10240K), 10 survivors (10240K)
 Metaspace       used 100222K, capacity 102660K, committed 102700K, reserved 1138688K
  class space    used 12563K, capacity 13413K, committed 13440K, reserved 1048576K
}
Event: 6709.530 GC heap before
{Heap before GC invocations=23 (full 0):
 garbage-first heap   total 196608K, used 160552K [0x0000000080000000, 0x0000000100000000)
  region size 1024K, 89 young (91136K), 10 survivors (10240K)
 Metaspace       used 107570K, capacity 110156K, committed 110252K, reserved 1144832K
  class space    used 13453K, capacity 14330K, committed 14336K, reserved 1048576K
}
Event: 6709.548 GC heap after
{Heap after GC invocations=24 (full 0):
 garbage-first heap   total 196608K, used 84803K [0x0000000080000000, 0x0000000100000000)
  region size 1024K, 10 young (10240K), 10 survivors (10240K)
 Metaspace       used 107570K, capacity 110156K, committed 110252K, reserved 1144832K
  class space    used 13453K, capacity 14330K, committed 14336K, reserved 1048576K
}
Event: 6711.291 GC heap before
{Heap before GC invocations=24 (full 0):
 garbage-first heap   total 196608K, used 145219K [0x0000000080000000, 0x0000000100000000)
  region size 1024K, 69 young (70656K), 10 survivors (10240K)
 Metaspace       used 112629K, capacity 115419K, committed 115488K, reserved 1148928K
  class space    used 14174K, capacity 15151K, committed 15220K, reserved 1048576K
}
Event: 6711.323 GC heap after
{Heap after GC invocations=25 (full 0):
 garbage-first heap   total 196608K, used 89530K [0x0000000080000000, 0x0000000100000000)
  region size 1024K, 9 young (9216K), 9 survivors (9216K)
 Metaspace       used 112629K, capacity 115419K, committed 115488K, reserved 1148928K
  class space    used 14174K, capacity 15151K, committed 15220K, reserved 1048576K
}
Event: 6713.682 GC heap before
{Heap before GC invocations=26 (full 0):
 garbage-first heap   total 196608K, used 162234K [0x0000000080000000, 0x0000000100000000)
  region size 1024K, 80 young (81920K), 9 survivors (9216K)
 Metaspace       used 118290K, capacity 121083K, committed 121504K, reserved 1155072K
  class space    used 15003K, capacity 15944K, committed 16116K, reserved 1048576K
}
Event: 6713.714 GC heap after
{Heap after GC invocations=27 (full 0):
 garbage-first heap   total 196608K, used 92963K [0x0000000080000000, 0x0000000100000000)
  region size 1024K, 8 young (8192K), 8 survivors (8192K)
 Metaspace       used 118290K, capacity 121083K, committed 121504K, reserved 1155072K
  class space    used 15003K, capacity 15944K, committed 16116K, reserved 1048576K
}
Event: 6713.732 GC heap before
{Heap before GC invocations=27 (full 0):
 garbage-first heap   total 196608K, used 92963K [0x0000000080000000, 0x0000000100000000)
  region size 1024K, 9 young (9216K), 8 survivors (8192K)
 Metaspace       used 118324K, capacity 121089K, committed 121504K, reserved 1155072K
  class space    used 15007K, capacity 15945K, committed 16116K, reserved 1048576K
}
Event: 6713.758 GC heap after
{Heap after GC invocations=28 (full 0):
 garbage-first heap   total 196608K, used 90924K [0x0000000080000000, 0x0000000100000000)
  region size 1024K, 2 young (2048K), 2 survivors (2048K)
 Metaspace       used 118324K, capacity 121089K, committed 121504K, reserved 1155072K
  class space    used 15007K, capacity 15945K, committed 16116K, reserved 1048576K
}

